c:\users\mywin11\desktop\workshop1_fos0\x64\release\vc143.pdb
c:\users\mywin11\desktop\workshop1_fos0\x64\release\deliverymanager.obj
c:\users\mywin11\desktop\workshop1_fos0\x64\release\mealmanager.obj
c:\users\mywin11\desktop\workshop1_fos0\x64\release\employeemanager.obj
c:\users\mywin11\desktop\workshop1_fos0\x64\release\databaseconnection.obj
c:\users\mywin11\desktop\workshop1_fos0\x64\release\customermanager.obj
c:\users\mywin11\desktop\workshop1_fos0\x64\release\cusordermanager.obj
c:\users\mywin11\desktop\workshop1_fos0\x64\release\ordermanager.obj
c:\users\mywin11\desktop\workshop1_fos0\x64\release\main.obj
c:\users\mywin11\desktop\workshop1_fos0\x64\release\userinterface.obj
c:\users\mywin11\desktop\workshop1_fos0\x64\release\_userinterface.obj
c:\users\mywin11\desktop\workshop1_fos0\x64\release\orderdetailmanager.obj
c:\users\mywin11\desktop\workshop1_fos\x64\release\workshop1_fos.ipdb
c:\users\mywin11\desktop\workshop1_fos\x64\release\workshop1_fos.iobj
c:\users\mywin11\desktop\workshop1_fos0\x64\release\workshop1_fos.ipdb
c:\users\mywin11\desktop\workshop1_fos0\x64\release\workshop1_fos.iobj
c:\users\mywin11\desktop\workshop1_fos0\x64\release\workshop1_fos.exe
c:\users\mywin11\desktop\workshop1_fos0\x64\release\workshop1_fos.pdb
c:\users\mywin11\desktop\workshop1_fos0\x64\release\accountmanager.obj
c:\users\mywin11\desktop\workshop1_fos0\x64\release\orderdetailsmanager.obj
c:\users\mywin11\desktop\workshop1_fos0\x64\release\workshop1_fos.vcxproj.cppwinrt_comp.rsp
c:\users\mywin11\desktop\workshop1_fos0\x64\release\workshop1_fos.vcxproj.cppwinrt_plat.rsp
c:\users\mywin11\desktop\workshop1_fos0\x64\release\workshop1_fos.vcxproj.mdmerge.rsp
c:\users\mywin11\desktop\workshop1_fos0\x64\release\workshop1_fos.vcxproj.midlrt.rsp
c:\users\mywin11\desktop\workshop1_fos0\x64\release\workshop1_fos.tlog\cl.command.1.tlog
c:\users\mywin11\desktop\workshop1_fos0\x64\release\workshop1_fos.tlog\cl.items.tlog
c:\users\mywin11\desktop\workshop1_fos0\x64\release\workshop1_fos.tlog\cl.read.1.tlog
c:\users\mywin11\desktop\workshop1_fos0\x64\release\workshop1_fos.tlog\cl.write.1.tlog
c:\users\mywin11\desktop\workshop1_fos0\x64\release\workshop1_fos.tlog\link.command.1.tlog
c:\users\mywin11\desktop\workshop1_fos0\x64\release\workshop1_fos.tlog\link.read.1.tlog
c:\users\mywin11\desktop\workshop1_fos0\x64\release\workshop1_fos.tlog\link.write.1.tlog
c:\users\mywin11\desktop\workshop1_fos0\x64\release\workshop1_fos.tlog\link.write.2u.tlog
